<?xml version="1.0" encoding="UTF-8"?>
<!-- Generated by org.testng.reporters.JUnitXMLReporter -->
<testsuite hostname="W1651570" ignored="0" name="Default test" tests="2" failures="0" timestamp="23 Jan 2018 13:16:23 GMT" time="21.599" errors="0">
  <testcase name="showIncidentNameandTimeTest" time="0.066" classname="com.csd.CSDIncidentDetailsPage"/>
  <testcase name="showMessageSentFromIncidentTest" time="0.052" classname="com.csd.CSDIncidentDetailsPage"/>
</testsuite> <!-- Default test -->
