<?xml version="1.0" encoding="UTF-8"?>
<!-- Generated by org.testng.reporters.JUnitXMLReporter -->
<testsuite hostname="W1651570" ignored="0" name="CSD Automation Test Cases" tests="2" failures="0" timestamp="28 Dec 2017 13:06:35 GMT" time="38.91" errors="0">
  <testcase name="associateLoginPageTitleTest" time="7.365" classname="com.csd.AssociateLoginPageTest"/>
  <testcase name="loginTest" time="11.585" classname="com.csd.AssociateLoginPageTest"/>
</testsuite> <!-- CSD Automation Test Cases -->
