<?xml version="1.0" encoding="UTF-8"?>
<!-- Generated by org.testng.reporters.JUnitXMLReporter -->
<testsuite hostname="W1651570" ignored="0" name="CSD Automation Test Cases" tests="5" failures="0" timestamp="06 Feb 2018 13:21:32 GMT" time="87.614" errors="0">
  <testcase name="associateLoginPageTitleTest" time="6.815" classname="com.csd.testcases.AssociateLoginPageTest"/>
  <testcase name="verifyHomePageTitleTest" time="0.018" classname="com.csd.testcases.CSDHomePageTest"/>
  <testcase name="loginTest" time="9.843" classname="com.csd.testcases.AssociateLoginPageTest"/>
  <testcase name="verifyLogoutBtnExist" time="0.051" classname="com.csd.testcases.CSDHomePageTest"/>
  <testcase name="verifyPreferencesBtnExist" time="0.051" classname="com.csd.testcases.CSDHomePageTest"/>
</testsuite> <!-- CSD Automation Test Cases -->
