<?xml version="1.0" encoding="UTF-8"?>
<testng-results skipped="0" failed="0" ignored="0" total="1" passed="1">
  <reporter-output>
  </reporter-output>
  <suite name="Default suite" duration-ms="30036" started-at="2018-01-05T12:39:44Z" finished-at="2018-01-05T12:40:14Z">
    <groups>
    </groups>
    <test name="Default test" duration-ms="30036" started-at="2018-01-05T12:39:44Z" finished-at="2018-01-05T12:40:14Z">
      <class name="com.csd.CSDPreferencesPageTest">
        <test-method status="PASS" signature="setup()[pri:0, instance:com.csd.CSDPreferencesPageTest@28d25987]" name="setup" is-config="true" duration-ms="19182" started-at="2018-01-05T18:09:44Z" finished-at="2018-01-05T18:10:03Z">
          <reporter-output>
          </reporter-output>
        </test-method> <!-- setup -->
        <test-method status="PASS" signature="addPreferencesTest()[pri:0, instance:com.csd.CSDPreferencesPageTest@28d25987]" name="addPreferencesTest" duration-ms="10817" started-at="2018-01-05T18:10:03Z" finished-at="2018-01-05T18:10:14Z">
          <reporter-output>
          </reporter-output>
        </test-method> <!-- addPreferencesTest -->
        <test-method status="PASS" signature="teardown()[pri:0, instance:com.csd.CSDPreferencesPageTest@28d25987]" name="teardown" is-config="true" duration-ms="0" started-at="2018-01-05T18:10:14Z" finished-at="2018-01-05T18:10:14Z">
          <reporter-output>
          </reporter-output>
        </test-method> <!-- teardown -->
      </class> <!-- com.csd.CSDPreferencesPageTest -->
    </test> <!-- Default test -->
  </suite> <!-- Default suite -->
</testng-results>
