<?xml version="1.0" encoding="UTF-8"?>
<testng-results skipped="0" failed="0" ignored="0" total="1" passed="1">
  <reporter-output>
  </reporter-output>
  <suite name="Default suite" duration-ms="100149" started-at="2018-03-02T07:11:03Z" finished-at="2018-03-02T07:12:43Z">
    <groups>
    </groups>
    <test name="Default test" duration-ms="100149" started-at="2018-03-02T07:11:03Z" finished-at="2018-03-02T07:12:43Z">
      <class name="com.csd.testcases.FirstTenHotelsTest">
        <test-method status="PASS" signature="setup()[pri:0, instance:com.csd.testcases.FirstTenHotelsTest@7b98f307]" name="setup" is-config="true" duration-ms="12266" started-at="2018-03-02T12:41:03Z" finished-at="2018-03-02T12:41:16Z">
          <reporter-output>
          </reporter-output>
        </test-method> <!-- setup -->
        <test-method status="PASS" signature="viewFirstTenHotelsTest()[pri:0, instance:com.csd.testcases.FirstTenHotelsTest@7b98f307]" name="viewFirstTenHotelsTest" duration-ms="87391" started-at="2018-03-02T12:41:16Z" finished-at="2018-03-02T12:42:43Z">
          <reporter-output>
          </reporter-output>
        </test-method> <!-- viewFirstTenHotelsTest -->
        <test-method status="PASS" signature="teardown()[pri:0, instance:com.csd.testcases.FirstTenHotelsTest@7b98f307]" name="teardown" is-config="true" duration-ms="468" started-at="2018-03-02T12:42:43Z" finished-at="2018-03-02T12:42:43Z">
          <reporter-output>
          </reporter-output>
        </test-method> <!-- teardown -->
      </class> <!-- com.csd.testcases.FirstTenHotelsTest -->
    </test> <!-- Default test -->
  </suite> <!-- Default suite -->
</testng-results>
